<?xml version="1.0" encoding="UTF-8"?>
<testsuite name="com.example.springboot.web.domain.posts.PostsRepositoryTest" tests="2" skipped="0" failures="0" errors="0" timestamp="2022-09-05T14:32:48" hostname="DESKTOP-BVRH9BJ" time="0.03">
  <properties/>
  <testcase name="게시글저장_불러오기()" classname="com.example.springboot.web.domain.posts.PostsRepositoryTest" time="0.009"/>
  <testcase name="BaseTimeEntity_등록()" classname="com.example.springboot.web.domain.posts.PostsRepositoryTest" time="0.02"/>
  <system-out><![CDATA[2022-09-05 23:32:48.343  INFO 22772 --- [    Test worker] .b.t.c.SpringBootTestContextBootstrapper : Neither @ContextConfiguration nor @ContextHierarchy found for test class [com.example.springboot.web.domain.posts.PostsRepositoryTest], using SpringBootContextLoader
2022-09-05 23:32:48.345  INFO 22772 --- [    Test worker] o.s.t.c.support.AbstractContextLoader    : Could not detect default resource locations for test class [com.example.springboot.web.domain.posts.PostsRepositoryTest]: no resource found for suffixes {-context.xml, Context.groovy}.
2022-09-05 23:32:48.345  INFO 22772 --- [    Test worker] t.c.s.AnnotationConfigContextLoaderUtils : Could not detect default configuration classes for test class [com.example.springboot.web.domain.posts.PostsRepositoryTest]: PostsRepositoryTest does not declare any static, non-private, non-final, nested classes annotated with @Configuration.
2022-09-05 23:32:48.356  INFO 22772 --- [    Test worker] .b.t.c.SpringBootTestContextBootstrapper : Found @SpringBootConfiguration com.example.springboot.web.Application for test class com.example.springboot.web.domain.posts.PostsRepositoryTest
2022-09-05 23:32:48.358  INFO 22772 --- [    Test worker] .b.t.c.SpringBootTestContextBootstrapper : Loaded default TestExecutionListener class names from location [META-INF/spring.factories]: [org.springframework.security.test.context.support.WithSecurityContextTestExecutionListener, org.springframework.security.test.context.support.ReactorContextTestExecutionListener, org.springframework.boot.test.autoconfigure.restdocs.RestDocsTestExecutionListener, org.springframework.boot.test.autoconfigure.web.client.MockRestServiceServerResetTestExecutionListener, org.springframework.boot.test.autoconfigure.web.servlet.MockMvcPrintOnlyOnFailureTestExecutionListener, org.springframework.boot.test.autoconfigure.web.servlet.WebDriverTestExecutionListener, org.springframework.boot.test.autoconfigure.webservices.client.MockWebServiceServerTestExecutionListener, org.springframework.boot.test.mock.mockito.MockitoTestExecutionListener, org.springframework.boot.test.mock.mockito.ResetMocksTestExecutionListener, org.springframework.test.context.web.ServletTestExecutionListener, org.springframework.test.context.support.DirtiesContextBeforeModesTestExecutionListener, org.springframework.test.context.support.DependencyInjectionTestExecutionListener, org.springframework.test.context.support.DirtiesContextTestExecutionListener, org.springframework.test.context.transaction.TransactionalTestExecutionListener, org.springframework.test.context.jdbc.SqlScriptsTestExecutionListener, org.springframework.test.context.event.EventPublishingTestExecutionListener]
2022-09-05 23:32:48.359  INFO 22772 --- [    Test worker] .b.t.c.SpringBootTestContextBootstrapper : Using TestExecutionListeners: [org.springframework.test.context.web.ServletTestExecutionListener@3b8b1ba9, org.springframework.test.context.support.DirtiesContextBeforeModesTestExecutionListener@e8bd42f, org.springframework.boot.test.mock.mockito.MockitoTestExecutionListener@46219104, org.springframework.boot.test.autoconfigure.SpringBootDependencyInjectionTestExecutionListener@64c009b8, org.springframework.test.context.support.DirtiesContextTestExecutionListener@77510da, org.springframework.test.context.transaction.TransactionalTestExecutionListener@570f96b7, org.springframework.test.context.jdbc.SqlScriptsTestExecutionListener@1dec84e3, org.springframework.security.test.context.support.WithSecurityContextTestExecutionListener@7985c32f, org.springframework.test.context.event.EventPublishingTestExecutionListener@56d9ef05, org.springframework.security.test.context.support.ReactorContextTestExecutionListener@7d487147, org.springframework.boot.test.autoconfigure.restdocs.RestDocsTestExecutionListener@4fa2991, org.springframework.boot.test.autoconfigure.web.client.MockRestServiceServerResetTestExecutionListener@53b10e9a, org.springframework.boot.test.autoconfigure.web.servlet.MockMvcPrintOnlyOnFailureTestExecutionListener@4a89722e, org.springframework.boot.test.autoconfigure.web.servlet.WebDriverTestExecutionListener@7475f071, org.springframework.boot.test.autoconfigure.webservices.client.MockWebServiceServerTestExecutionListener@2116e9cf, org.springframework.boot.test.mock.mockito.ResetMocksTestExecutionListener@7a88e6a9]
Hibernate: insert into posts (created_date, modified_date, author, content, title) values (?, ?, ?, ?, ?)
Hibernate: select posts0_.id as id1_0_, posts0_.created_date as created_2_0_, posts0_.modified_date as modified3_0_, posts0_.author as author4_0_, posts0_.content as content5_0_, posts0_.title as title6_0_ from posts posts0_
Hibernate: select posts0_.id as id1_0_, posts0_.created_date as created_2_0_, posts0_.modified_date as modified3_0_, posts0_.author as author4_0_, posts0_.content as content5_0_, posts0_.title as title6_0_ from posts posts0_
Hibernate: delete from posts where id=?
Hibernate: insert into posts (created_date, modified_date, author, content, title) values (?, ?, ?, ?, ?)
Hibernate: select posts0_.id as id1_0_, posts0_.created_date as created_2_0_, posts0_.modified_date as modified3_0_, posts0_.author as author4_0_, posts0_.content as content5_0_, posts0_.title as title6_0_ from posts posts0_
>>>>>>>>>>>>>>>>>>> createDate=2022-09-05T23:32:48.375286, modifiedDate=2022-09-05T23:32:48.375286
Hibernate: select posts0_.id as id1_0_, posts0_.created_date as created_2_0_, posts0_.modified_date as modified3_0_, posts0_.author as author4_0_, posts0_.content as content5_0_, posts0_.title as title6_0_ from posts posts0_
Hibernate: delete from posts where id=?
]]></system-out>
  <system-err><![CDATA[]]></system-err>
</testsuite>
